2018-04-27 09:01:21,589 [main] INFO  marytts.main Mary starting up...
2018-04-27 09:01:21,603 [main] INFO  marytts.main Specification version 5.2
2018-04-27 09:01:21,603 [main] INFO  marytts.main Implementation version unknown
2018-04-27 09:01:21,603 [main] INFO  marytts.main Running on a Java 1.8.0_161 implementation by Oracle Corporation, on a Windows 7 platform (x86, 6.1)
2018-04-27 09:01:21,746 [main] INFO  marytts.ModuleRegistry Now initiating mary module 'marytts.modules.Synthesis'
2018-04-27 09:01:21,751 [main] INFO  marytts.ModuleRegistry Now initiating mary module 'marytts.modules.TextToMaryXML'
2018-04-27 09:01:21,752 [main] INFO  marytts.ModuleRegistry Now initiating mary module 'marytts.modules.SableParser'
2018-04-27 09:01:21,753 [main] INFO  marytts.ModuleRegistry Now initiating mary module 'marytts.modules.SSMLParser'
2018-04-27 09:01:21,754 [main] INFO  marytts.ModuleRegistry Now initiating mary module 'marytts.modules.APMLParser'
2018-04-27 09:01:21,755 [main] INFO  marytts.ModuleRegistry Now initiating mary module 'marytts.modules.EmotionmlParser'
2018-04-27 09:01:21,755 [main] INFO  marytts.ModuleRegistry Now initiating mary module 'marytts.modules.JTokeniser'
2018-04-27 09:01:21,756 [main] INFO  marytts.ModuleRegistry Now initiating mary module 'marytts.modules.DummyTokens2Words'
2018-04-27 09:01:21,757 [main] INFO  marytts.ModuleRegistry Now initiating mary module 'marytts.modules.ProsodyGeneric'
2018-04-27 09:01:21,760 [main] INFO  marytts.ModuleRegistry Now initiating mary module 'marytts.modules.PronunciationModel'
2018-04-27 09:01:21,761 [main] INFO  marytts.ModuleRegistry Now initiating mary module 'marytts.modules.TargetFeatureLister'
2018-04-27 09:01:21,762 [main] INFO  marytts.ModuleRegistry Now initiating mary module 'marytts.modules.HalfPhoneTargetFeatureLister'
2018-04-27 09:01:21,763 [main] INFO  marytts.ModuleRegistry Now initiating mary module 'marytts.modules.AcousticModeller'
2018-04-27 09:01:21,764 [main] INFO  marytts.ModuleRegistry Now initiating mary module 'marytts.modules.RealisedAcoustparamsExtractor'
2018-04-27 09:01:21,765 [main] INFO  marytts.ModuleRegistry Now initiating mary module 'marytts.modules.RealisedDurationsExtractor'
2018-04-27 09:01:21,765 [main] INFO  marytts.ModuleRegistry Now initiating mary module 'marytts.modules.HTSEngine'
2018-04-27 09:01:21,767 [main] INFO  marytts.ModuleRegistry Now initiating mary module 'marytts.modules.PraatTextGridGenerator'
2018-04-27 09:01:21,768 [main] INFO  marytts.ModuleRegistry Now initiating mary module 'marytts.language.en.JTokeniser'
2018-04-27 09:01:21,769 [main] INFO  marytts.ModuleRegistry Now initiating mary module 'marytts.language.en.Preprocess'
2018-04-27 09:01:22,725 [main] INFO  marytts.ModuleRegistry Now initiating mary module 'marytts.modules.JPhonemiser(en_US.)'
2018-04-27 09:01:22,727 [main] INFO  marytts.JPhonemiser User dictionary '.\user-dictionaries\userdict-en_US.txt' for locale 'en_US' does not exist. Ignoring.
2018-04-27 09:01:23,427 [main] INFO  marytts.ModuleRegistry Now initiating mary module 'marytts.modules.JPhonemiser(en_GB.)'
2018-04-27 09:01:23,429 [main] INFO  marytts.JPhonemiser User dictionary '.\user-dictionaries\userdict-en_GB.txt' for locale 'en_GB' does not exist. Ignoring.
2018-04-27 09:01:23,467 [main] INFO  marytts.ModuleRegistry Now initiating mary module 'marytts.language.en.Prosody'
2018-04-27 09:01:23,468 [main] INFO  marytts.ModuleRegistry Now initiating mary module 'marytts.modules.SimplePhoneme2AP(en_US)'
2018-04-27 09:01:23,469 [main] INFO  marytts.ModuleRegistry Now initiating mary module 'marytts.language.en.PronunciationModel'
2018-04-27 09:01:23,470 [main] INFO  marytts.ModuleRegistry Now initiating mary module 'marytts.modules.OpenNLPPosTagger(en,en.pos)'
2018-04-27 09:01:23,552 [main] INFO  marytts.UnitSelectionSynthesizer started.
2018-04-27 09:01:23,561 [main] INFO  marytts.TargetFeatureLister Module started (ACOUSTPARAMS->TARGETFEATURES, locale null).
2018-04-27 09:01:23,561 [main] INFO  marytts.HTSEngine Module started (TARGETFEATURES->AUDIO, locale null).
2018-04-27 09:01:23,585 [main] INFO  marytts.HMMData Loading Tree Set in CARTs:
2018-04-27 09:01:23,635 [main] INFO  marytts.HMMData Loading GV Model Set:
2018-04-27 09:01:24,398 [main] INFO  marytts.Voice Registering voice `cmu-slt-hsmm': female, locale en_US
2018-04-27 09:01:24,398 [main] INFO  marytts.Voice New default voice for locale en_US: cmu-slt-hsmm (desire 0)
2018-04-27 09:01:24,398 [main] INFO  marytts.HMMSynthesizer started.
2018-04-27 09:01:24,398 [main] INFO  marytts.Synthesis Module started (ACOUSTPARAMS->AUDIO, locale null).
2018-04-27 09:01:24,399 [main] INFO  marytts.HMMSynthesizer Starting power-on self test.
2018-04-27 09:01:24,421 [main] INFO  marytts.HTSEngine Using prosody from acoustparams.
2018-04-27 09:01:24,423 [main] INFO  marytts.HTSEngine Number of models in sentence numModel=7  Total number of states numState=35
2018-04-27 09:01:24,423 [main] INFO  marytts.HTSEngine Total number of frames=147  Number of voiced frames=89
2018-04-27 09:01:24,428 [main] INFO  marytts.ParameterGeneration Parameter generation for MGC: 
2018-04-27 09:01:24,428 [main] INFO  marytts.PStream Context-dependent global variance optimization: gvLength = 107
2018-04-27 09:01:24,430 [main] INFO  marytts.PStream Gradient GV optimization for feature: (0)  number of iterations=23
2018-04-27 09:01:24,431 [main] INFO  marytts.PStream Gradient GV optimization for feature: (1)  number of iterations=54
2018-04-27 09:01:24,432 [main] INFO  marytts.PStream Gradient GV optimization for feature: (2)  number of iterations=38
2018-04-27 09:01:24,432 [main] INFO  marytts.PStream Gradient GV optimization for feature: (3)  number of iterations=20
2018-04-27 09:01:24,432 [main] INFO  marytts.PStream Gradient GV optimization for feature: (4)  number of iterations=13
2018-04-27 09:01:24,433 [main] INFO  marytts.PStream Gradient GV optimization for feature: (5)  number of iterations=21
2018-04-27 09:01:24,433 [main] INFO  marytts.PStream Gradient GV optimization for feature: (6)  number of iterations=7
2018-04-27 09:01:24,433 [main] INFO  marytts.PStream Gradient GV optimization for feature: (7)  number of iterations=4
2018-04-27 09:01:24,433 [main] INFO  marytts.PStream Gradient GV optimization for feature: (8)  number of iterations=11
2018-04-27 09:01:24,433 [main] INFO  marytts.PStream Gradient GV optimization for feature: (9)  number of iterations=19
2018-04-27 09:01:24,433 [main] INFO  marytts.PStream Gradient GV optimization for feature: (10)  number of iterations=16
2018-04-27 09:01:24,434 [main] INFO  marytts.PStream Gradient GV optimization for feature: (11)  number of iterations=9
2018-04-27 09:01:24,434 [main] INFO  marytts.PStream Gradient GV optimization for feature: (12)  number of iterations=2
2018-04-27 09:01:24,434 [main] INFO  marytts.PStream Gradient GV optimization for feature: (13)  number of iterations=13
2018-04-27 09:01:24,434 [main] INFO  marytts.PStream Gradient GV optimization for feature: (14)  number of iterations=12
2018-04-27 09:01:24,434 [main] INFO  marytts.PStream Gradient GV optimization for feature: (15)  number of iterations=14
2018-04-27 09:01:24,434 [main] INFO  marytts.PStream Gradient GV optimization for feature: (16)  number of iterations=15
2018-04-27 09:01:24,435 [main] INFO  marytts.PStream Gradient GV optimization for feature: (17)  number of iterations=14
2018-04-27 09:01:24,435 [main] INFO  marytts.PStream Gradient GV optimization for feature: (18)  number of iterations=19
2018-04-27 09:01:24,435 [main] INFO  marytts.PStream Gradient GV optimization for feature: (19)  number of iterations=12
2018-04-27 09:01:24,435 [main] INFO  marytts.PStream Gradient GV optimization for feature: (20)  number of iterations=17
2018-04-27 09:01:24,435 [main] INFO  marytts.PStream Gradient GV optimization for feature: (21)  number of iterations=23
2018-04-27 09:01:24,436 [main] INFO  marytts.PStream Gradient GV optimization for feature: (22)  number of iterations=12
2018-04-27 09:01:24,436 [main] INFO  marytts.PStream Gradient GV optimization for feature: (23)  number of iterations=18
2018-04-27 09:01:24,436 [main] INFO  marytts.PStream Gradient GV optimization for feature: (24)  number of iterations=12
2018-04-27 09:01:24,436 [main] INFO  marytts.PStream Gradient GV optimization for feature: (25)  number of iterations=11
2018-04-27 09:01:24,436 [main] INFO  marytts.PStream Gradient GV optimization for feature: (26)  number of iterations=13
2018-04-27 09:01:24,436 [main] INFO  marytts.PStream Gradient GV optimization for feature: (27)  number of iterations=9
2018-04-27 09:01:24,437 [main] INFO  marytts.PStream Gradient GV optimization for feature: (28)  number of iterations=13
2018-04-27 09:01:24,437 [main] INFO  marytts.PStream Gradient GV optimization for feature: (29)  number of iterations=8
2018-04-27 09:01:24,437 [main] INFO  marytts.PStream Gradient GV optimization for feature: (30)  number of iterations=11
2018-04-27 09:01:24,437 [main] INFO  marytts.PStream Gradient GV optimization for feature: (31)  number of iterations=12
2018-04-27 09:01:24,437 [main] INFO  marytts.PStream Gradient GV optimization for feature: (32)  number of iterations=7
2018-04-27 09:01:24,437 [main] INFO  marytts.PStream Gradient GV optimization for feature: (33)  number of iterations=8
2018-04-27 09:01:24,438 [main] INFO  marytts.PStream Gradient GV optimization for feature: (34)  number of iterations=12
2018-04-27 09:01:24,438 [main] INFO  marytts.ParameterGeneration Using f0 from maryXML acoustparams
2018-04-27 09:01:24,438 [main] INFO  marytts.PStream Context-dependent global variance optimization: gvLength = 107
2018-04-27 09:01:24,438 [main] INFO  marytts.PStream Gradient GV optimization for feature: (0)  number of iterations=16
2018-04-27 09:01:24,439 [main] INFO  marytts.PStream Gradient GV optimization for feature: (1)  number of iterations=2
2018-04-27 09:01:24,439 [main] INFO  marytts.PStream Gradient GV optimization for feature: (2)  number of iterations=2
2018-04-27 09:01:24,439 [main] INFO  marytts.PStream Gradient GV optimization for feature: (3)  number of iterations=8
2018-04-27 09:01:24,439 [main] INFO  marytts.PStream Gradient GV optimization for feature: (4)  number of iterations=26
2018-04-27 09:01:25,175 [main] INFO  marytts.HMMSynthesizer Power-on self test complete.
2018-04-27 09:01:25,176 [main] INFO  marytts.TextToMaryXML Module started (TEXT->RAWMARYXML, locale null).
2018-04-27 09:01:25,244 [main] INFO  marytts.TextToMaryXML Starting power-on self test.
2018-04-27 09:01:25,246 [main] WARN  marytts.TextToMaryXML Locale is null, overriding with en_US
2018-04-27 09:01:25,246 [main] WARN  marytts.TextToMaryXML Locale is null, overriding with en_US
2018-04-27 09:01:25,246 [main] INFO  marytts.TextToMaryXML Power-on self test complete.
2018-04-27 09:01:26,157 [main] INFO  marytts.SableParser Module started (SABLE->RAWMARYXML, locale null).
2018-04-27 09:01:26,157 [main] INFO  marytts.SableParser Starting power-on self test.
2018-04-27 09:01:26,157 [main] INFO  marytts.SableParser Power-on self test complete.
2018-04-27 09:01:26,203 [main] INFO  marytts.SSMLParser Module started (SSML->RAWMARYXML, locale null).
2018-04-27 09:01:26,203 [main] INFO  marytts.SSMLParser Starting power-on self test.
2018-04-27 09:01:26,203 [main] INFO  marytts.SSMLParser Power-on self test complete.
2018-04-27 09:01:26,237 [main] INFO  marytts.APMLParser Module started (APML->RAWMARYXML, locale null).
2018-04-27 09:01:26,237 [main] INFO  marytts.APMLParser Starting power-on self test.
2018-04-27 09:01:26,237 [main] INFO  marytts.APMLParser Power-on self test complete.
2018-04-27 09:01:26,258 [main] INFO  marytts.EmotionmlParser Module started (EMOTIONML->RAWMARYXML, locale null).
2018-04-27 09:01:26,258 [main] INFO  marytts.EmotionmlParser Starting power-on self test.
2018-04-27 09:01:26,258 [main] INFO  marytts.EmotionmlParser Power-on self test complete.
2018-04-27 09:01:26,259 [main] INFO  marytts.JTokeniser Module started (RAWMARYXML->TOKENS, locale null).
2018-04-27 09:01:26,294 [main] INFO  marytts.JTokeniser Starting power-on self test.
2018-04-27 09:01:26,294 [main] INFO  marytts.JTokeniser Power-on self test complete.
2018-04-27 09:01:26,295 [main] INFO  marytts.DummyTokens2Words Module started (TOKENS->WORDS, locale null).
2018-04-27 09:01:26,295 [main] INFO  marytts.DummyTokens2Words Starting power-on self test.
2018-04-27 09:01:26,295 [main] INFO  marytts.DummyTokens2Words Power-on self test complete.
2018-04-27 09:01:26,298 [main] INFO  marytts.Prosody Module started (PHONEMES->INTONATION, locale null).
2018-04-27 09:01:26,298 [main] INFO  marytts.Prosody Starting power-on self test.
2018-04-27 09:01:26,299 [main] INFO  marytts.Prosody Power-on self test complete.
2018-04-27 09:01:26,299 [main] INFO  marytts.PronunciationModel Module started (INTONATION->ALLOPHONES, locale null).
2018-04-27 09:01:26,299 [main] INFO  marytts.PronunciationModel Starting power-on self test.
2018-04-27 09:01:26,299 [main] INFO  marytts.PronunciationModel Power-on self test complete.
2018-04-27 09:01:26,299 [main] INFO  marytts.TargetFeatureLister Starting power-on self test.
2018-04-27 09:01:26,300 [main] INFO  marytts.TargetFeatureLister Power-on self test complete.
2018-04-27 09:01:26,300 [main] INFO  marytts.TargetFeatureLister Module started (ACOUSTPARAMS->HALFPHONE_TARGETFEATURES, locale null).
2018-04-27 09:01:26,300 [main] INFO  marytts.TargetFeatureLister Starting power-on self test.
2018-04-27 09:01:26,300 [main] INFO  marytts.TargetFeatureLister Power-on self test complete.
2018-04-27 09:01:26,300 [main] INFO  marytts.AcousticModeller Module started (ALLOPHONES->ACOUSTPARAMS, locale null).
2018-04-27 09:01:26,300 [main] INFO  marytts.AcousticModeller Starting power-on self test.
2018-04-27 09:01:26,300 [main] INFO  marytts.AcousticModeller Power-on self test complete.
2018-04-27 09:01:26,300 [main] INFO  marytts.Realised acoustparams extractor Module started (AUDIO->REALISED_ACOUSTPARAMS, locale null).
2018-04-27 09:01:26,300 [main] INFO  marytts.Realised acoustparams extractor Starting power-on self test.
2018-04-27 09:01:26,301 [main] INFO  marytts.Realised acoustparams extractor Power-on self test complete.
2018-04-27 09:01:26,301 [main] INFO  marytts.Realised durations extractor Module started (AUDIO->REALISED_DURATIONS, locale null).
2018-04-27 09:01:26,301 [main] INFO  marytts.Realised durations extractor Starting power-on self test.
2018-04-27 09:01:26,301 [main] INFO  marytts.Realised durations extractor Power-on self test complete.
2018-04-27 09:01:26,301 [main] INFO  marytts.Praat TextGrid generator Module started (REALISED_ACOUSTPARAMS->PRAAT_TEXTGRID, locale null).
2018-04-27 09:01:26,301 [main] INFO  marytts.Praat TextGrid generator Starting power-on self test.
2018-04-27 09:01:26,302 [main] INFO  marytts.Praat TextGrid generator Power-on self test complete.
2018-04-27 09:01:26,302 [main] INFO  marytts.JTokeniser Module started (RAWMARYXML->TOKENS, locale en).
2018-04-27 09:01:26,315 [main] INFO  marytts.JTokeniser Starting power-on self test.
2018-04-27 09:01:26,315 [main] INFO  marytts.JTokeniser Power-on self test complete.
2018-04-27 09:01:26,315 [main] INFO  marytts.Preprocess Module started (TOKENS->WORDS, locale en).
2018-04-27 09:01:26,315 [main] INFO  marytts.Preprocess Starting power-on self test.
2018-04-27 09:01:26,316 [main] INFO  marytts.Preprocess Power-on self test complete.
2018-04-27 09:01:26,316 [main] INFO  marytts.JPhonemiser Module started (PARTSOFSPEECH->PHONEMES, locale en_US).
2018-04-27 09:01:26,317 [main] INFO  marytts.JPhonemiser Starting power-on self test.
2018-04-27 09:01:26,317 [main] INFO  marytts.JPhonemiser Power-on self test complete.
2018-04-27 09:01:26,318 [main] INFO  marytts.JPhonemiser Module started (PARTSOFSPEECH->PHONEMES, locale en_GB).
2018-04-27 09:01:26,318 [main] INFO  marytts.JPhonemiser Starting power-on self test.
2018-04-27 09:01:26,318 [main] INFO  marytts.JPhonemiser Power-on self test complete.
2018-04-27 09:01:26,321 [main] INFO  marytts.Prosody Module started (PHONEMES->INTONATION, locale en).
2018-04-27 09:01:26,322 [main] INFO  marytts.Prosody Starting power-on self test.
2018-04-27 09:01:26,322 [main] INFO  marytts.Prosody Power-on self test complete.
2018-04-27 09:01:26,323 [main] INFO  marytts.SimplePhoneme2AP Module started (SIMPLEPHONEMES->ACOUSTPARAMS, locale en_US).
2018-04-27 09:01:26,332 [main] INFO  marytts.SimplePhoneme2AP Starting power-on self test.
2018-04-27 09:01:26,333 [main] INFO  marytts.SimplePhoneme2AP Power-on self test complete.
2018-04-27 09:01:26,333 [main] INFO  marytts.PronunciationModel Module started (INTONATION->ALLOPHONES, locale en).
2018-04-27 09:01:26,333 [main] INFO  marytts.PronunciationModel Starting power-on self test.
2018-04-27 09:01:26,333 [main] INFO  marytts.PronunciationModel Power-on self test complete.
2018-04-27 09:01:26,334 [main] INFO  marytts.OpenNLPPosTagger Module started (WORDS->PARTSOFSPEECH, locale en).
2018-04-27 09:01:27,682 [main] INFO  marytts.OpenNLPPosTagger Starting power-on self test.
2018-04-27 09:01:27,682 [main] INFO  marytts.OpenNLPPosTagger Power-on self test complete.
2018-04-27 09:01:27,683 [main] INFO  marytts.main Startup complete.
